[debug] [2025-03-14T12:03:49.956Z] ----------------------------------------------------------------------
[debug] [2025-03-14T12:03:49.957Z] Command:       /usr/bin/node /home/spacepengu/.npm-global/bin/firebase init
[debug] [2025-03-14T12:03:49.957Z] CLI Version:   13.34.0
[debug] [2025-03-14T12:03:49.957Z] Platform:      linux
[debug] [2025-03-14T12:03:49.958Z] Node Version:  v18.19.1
[debug] [2025-03-14T12:03:49.958Z] Time:          Fri Mar 14 2025 07:03:49 GMT-0500 (Central Daylight Time)
[debug] [2025-03-14T12:03:49.958Z] ----------------------------------------------------------------------
[debug] 
[debug] [2025-03-14T12:03:50.077Z] > command requires scopes: ["email","openid","https://www.googleapis.com/auth/cloudplatformprojects.readonly","https://www.googleapis.com/auth/firebase","https://www.googleapis.com/auth/cloud-platform"]
[debug] [2025-03-14T12:03:50.077Z] > authorizing via signed-in user (leojbalmori@gmail.com)
[info] 
     ######## #### ########  ######## ########     ###     ######  ########
     ##        ##  ##     ## ##       ##     ##  ##   ##  ##       ##
     ######    ##  ########  ######   ########  #########  ######  ######
     ##        ##  ##    ##  ##       ##     ## ##     ##       ## ##
     ##       #### ##     ## ######## ########  ##     ##  ######  ########

You're about to initialize a Firebase project in this directory:

  /home/spacepengu/Desktop/Extensions/OpenBrain

Before we get started, keep in mind:

  * You are initializing within an existing Firebase project directory

[info] 
=== Project Setup
[info] 
[info] First, let's associate this project directory with a Firebase project.
[info] You can create multiple project aliases by running firebase use --add, 
[info] but for now we'll just set up a default project.
[info] 
[debug] [2025-03-14T12:03:58.815Z] Using project from CLI flag: openbrain-8ff92
[debug] [2025-03-14T12:03:58.816Z] Checked if tokens are valid: true, expires at: 1741956525358
[debug] [2025-03-14T12:03:58.816Z] Checked if tokens are valid: true, expires at: 1741956525358
[debug] [2025-03-14T12:03:58.817Z] >>> [apiv2][query] GET https://firebase.googleapis.com/v1beta1/projects/openbrain-8ff92 [none]
[debug] [2025-03-14T12:03:59.281Z] <<< [apiv2][status] GET https://firebase.googleapis.com/v1beta1/projects/openbrain-8ff92 200
[debug] [2025-03-14T12:03:59.281Z] <<< [apiv2][body] GET https://firebase.googleapis.com/v1beta1/projects/openbrain-8ff92 {"projectId":"openbrain-8ff92","projectNumber":"707672428791","displayName":"OpenBrain","name":"projects/openbrain-8ff92","resources":{"hostingSite":"openbrain-8ff92"},"state":"ACTIVE","etag":"1_f5dd1e14-96b2-4fa2-b3a7-2340e7e438b8"}
[info] i  Using project openbrain-8ff92 (OpenBrain) 
[info] 
=== Dataconnect Setup
[debug] [2025-03-14T12:03:59.289Z] Checked if tokens are valid: true, expires at: 1741956525358
[debug] [2025-03-14T12:03:59.289Z] Checked if tokens are valid: true, expires at: 1741956525358
[debug] [2025-03-14T12:03:59.289Z] >>> [apiv2][query] GET https://cloudbilling.googleapis.com/v1/projects/openbrain-8ff92/billingInfo [none]
[debug] [2025-03-14T12:03:59.725Z] <<< [apiv2][status] GET https://cloudbilling.googleapis.com/v1/projects/openbrain-8ff92/billingInfo 200
[debug] [2025-03-14T12:03:59.726Z] <<< [apiv2][body] GET https://cloudbilling.googleapis.com/v1/projects/openbrain-8ff92/billingInfo {"name":"projects/openbrain-8ff92/billingInfo","projectId":"openbrain-8ff92","billingAccountName":"","billingEnabled":false}
[info] i  dataconnect: ensuring required API sqladmin.googleapis.com is enabled... 
[debug] [2025-03-14T12:03:59.727Z] Checked if tokens are valid: true, expires at: 1741956525358
[debug] [2025-03-14T12:03:59.727Z] Checked if tokens are valid: true, expires at: 1741956525358
[debug] [2025-03-14T12:03:59.727Z] >>> [apiv2][query] GET https://serviceusage.googleapis.com/v1/projects/openbrain-8ff92/services/sqladmin.googleapis.com [none]
[debug] [2025-03-14T12:03:59.727Z] >>> [apiv2][(partial)header] GET https://serviceusage.googleapis.com/v1/projects/openbrain-8ff92/services/sqladmin.googleapis.com x-goog-quota-user=projects/openbrain-8ff92
[debug] [2025-03-14T12:04:00.249Z] <<< [apiv2][status] GET https://serviceusage.googleapis.com/v1/projects/openbrain-8ff92/services/sqladmin.googleapis.com 200
[debug] [2025-03-14T12:04:00.249Z] <<< [apiv2][body] GET https://serviceusage.googleapis.com/v1/projects/openbrain-8ff92/services/sqladmin.googleapis.com [omitted]
[info] ✔  dataconnect: required API sqladmin.googleapis.com is enabled 
[info] i  dataconnect/dataconnect.yaml is unchanged 
[info] i  dataconnect/schema/schema.gql is unchanged 
[info] i  Skipping write of dataconnect/connector/connector.yaml 
[info] i  dataconnect/connector/queries.gql is unchanged 
[info] i  dataconnect/connector/mutations.gql is unchanged 
[info] ✔  Detected WEB app in directory /home/spacepengu/Desktop/Extensions/OpenBrain 
[info] i  Wrote new config to /home/spacepengu/Desktop/Extensions/OpenBrain/dataconnect/connector/connector.yaml 
[info] I0314 07:04:23.150247   13454 codegen.go:82] [connector "default" javascriptSdk] Generating sources into "/home/spacepengu/Desktop/Extensions/OpenBrain/dataconnect-generated/js/default-connector"
I0314 07:04:23.155749   13454 generate.go:40] Generated all sources. Writing them to disk...
I0314 07:04:23.156112   13454 collector.go:107] connector "default" javascriptSdk wrote into "/home/spacepengu/Desktop/Extensions/OpenBrain/dataconnect-generated/js/default-connector"
Generated sources: esm/index.esm.js [112B] index.cjs.js [148B] package.json [895B] react/esm/package.json [17B] react/index.cjs.js [0B] react/README.md [5443B] index.d.ts [246B] esm/package.json [17B] README.md [2800B] react/index.d.ts [228B] react/package.json [468B] react/esm/index.esm.js [0B] 
I0314 07:04:23.156252   13454 installsdk.go:48] Package @firebasegen/default-connector is already installed. Skipping installation

[info] i  Generated SDK code for default 
[info] ✔  If you'd like to add more generated SDKs to your app your later, run firebase init dataconnect:sdk again 
[info] i  If you'd like to provision a CloudSQL Postgres instance on the Firebase Data Connect no-cost trial:
1. Please upgrade to the pay-as-you-go (Blaze) billing plan. Visit the following page:
     https://console.firebase.google.com/project/openbrain-8ff92/usage/details
2. Run firebase init dataconnect again to configure the Cloud SQL instance.
3. Run firebase deploy --only dataconnect to deploy your Data Connect service. 
[info] 
=== Firestore Setup
[debug] [2025-03-14T12:04:23.159Z] Checked if tokens are valid: true, expires at: 1741956525358
[debug] [2025-03-14T12:04:23.159Z] Checked if tokens are valid: true, expires at: 1741956525358
[debug] [2025-03-14T12:04:23.159Z] >>> [apiv2][query] GET https://serviceusage.googleapis.com/v1/projects/openbrain-8ff92/services/firestore.googleapis.com [none]
[debug] [2025-03-14T12:04:23.159Z] >>> [apiv2][(partial)header] GET https://serviceusage.googleapis.com/v1/projects/openbrain-8ff92/services/firestore.googleapis.com x-goog-quota-user=projects/openbrain-8ff92
[debug] [2025-03-14T12:04:23.528Z] <<< [apiv2][status] GET https://serviceusage.googleapis.com/v1/projects/openbrain-8ff92/services/firestore.googleapis.com 200
[debug] [2025-03-14T12:04:23.528Z] <<< [apiv2][body] GET https://serviceusage.googleapis.com/v1/projects/openbrain-8ff92/services/firestore.googleapis.com [omitted]
[debug] [2025-03-14T12:04:23.529Z] Checked if tokens are valid: true, expires at: 1741956525358
[debug] [2025-03-14T12:04:23.529Z] Checked if tokens are valid: true, expires at: 1741956525358
[debug] [2025-03-14T12:04:23.529Z] >>> [apiv2][query] GET https://firestore.googleapis.com/v1/projects/openbrain-8ff92/databases/(default) [none]
[debug] [2025-03-14T12:04:23.934Z] <<< [apiv2][status] GET https://firestore.googleapis.com/v1/projects/openbrain-8ff92/databases/(default) 200
[debug] [2025-03-14T12:04:23.935Z] <<< [apiv2][body] GET https://firestore.googleapis.com/v1/projects/openbrain-8ff92/databases/(default) {"name":"projects/openbrain-8ff92/databases/(default)","uid":"efbeda43-4570-4f3d-bc44-dae2f9ea3b5e","createTime":"2025-03-14T12:00:53.890713Z","updateTime":"2025-03-14T12:00:53.890713Z","locationId":"nam5","type":"FIRESTORE_NATIVE","concurrencyMode":"PESSIMISTIC","versionRetentionPeriod":"3600s","earliestVersionTime":"2025-03-14T12:00:53.890713Z","appEngineIntegrationMode":"DISABLED","keyPrefix":"s","pointInTimeRecoveryEnablement":"POINT_IN_TIME_RECOVERY_DISABLED","deleteProtectionState":"DELETE_PROTECTION_DISABLED","databaseEdition":"STANDARD","etag":"IPLfkOrDiYwDMJm9hYbDiYwD"}
[debug] [2025-03-14T12:04:23.935Z] database_type: FIRESTORE_NATIVE
[debug] [2025-03-14T12:04:23.935Z] database_type: FIRESTORE_NATIVE
[debug] [2025-03-14T12:04:23.935Z] > command requires scopes: ["email","openid","https://www.googleapis.com/auth/cloudplatformprojects.readonly","https://www.googleapis.com/auth/firebase","https://www.googleapis.com/auth/cloud-platform"]
[debug] [2025-03-14T12:04:23.936Z] > authorizing via signed-in user (leojbalmori@gmail.com)
[debug] [2025-03-14T12:04:23.936Z] [iam] checking project openbrain-8ff92 for permissions ["firebase.projects.get"]
[debug] [2025-03-14T12:04:23.937Z] Checked if tokens are valid: true, expires at: 1741956525358
[debug] [2025-03-14T12:04:23.937Z] Checked if tokens are valid: true, expires at: 1741956525358
[debug] [2025-03-14T12:04:23.937Z] >>> [apiv2][query] POST https://cloudresourcemanager.googleapis.com/v1/projects/openbrain-8ff92:testIamPermissions [none]
[debug] [2025-03-14T12:04:23.937Z] >>> [apiv2][(partial)header] POST https://cloudresourcemanager.googleapis.com/v1/projects/openbrain-8ff92:testIamPermissions x-goog-quota-user=projects/openbrain-8ff92
[debug] [2025-03-14T12:04:23.937Z] >>> [apiv2][body] POST https://cloudresourcemanager.googleapis.com/v1/projects/openbrain-8ff92:testIamPermissions {"permissions":["firebase.projects.get"]}
[debug] [2025-03-14T12:04:24.345Z] <<< [apiv2][status] POST https://cloudresourcemanager.googleapis.com/v1/projects/openbrain-8ff92:testIamPermissions 200
[debug] [2025-03-14T12:04:24.346Z] <<< [apiv2][body] POST https://cloudresourcemanager.googleapis.com/v1/projects/openbrain-8ff92:testIamPermissions {"permissions":["firebase.projects.get"]}
[info] 
[info] Firestore Security Rules allow you to define how and when to allow
[info] requests. You can keep these rules in your project directory
[info] and publish them with firebase deploy.
[info] 
[debug] [2025-03-14T12:04:40.946Z] Checked if tokens are valid: true, expires at: 1741956525358
[debug] [2025-03-14T12:04:40.946Z] Checked if tokens are valid: true, expires at: 1741956525358
[debug] [2025-03-14T12:04:40.947Z] >>> [apiv2][query] GET https://firebaserules.googleapis.com/v1/projects/openbrain-8ff92/releases pageSize=10&pageToken=
[debug] [2025-03-14T12:04:41.343Z] <<< [apiv2][status] GET https://firebaserules.googleapis.com/v1/projects/openbrain-8ff92/releases 200
[debug] [2025-03-14T12:04:41.343Z] <<< [apiv2][body] GET https://firebaserules.googleapis.com/v1/projects/openbrain-8ff92/releases {"releases":[{"name":"projects/openbrain-8ff92/releases/cloud.firestore","rulesetName":"projects/openbrain-8ff92/rulesets/5a765235-f893-46f4-9935-d4fe61befa33","createTime":"2025-03-14T12:00:55.805889Z","updateTime":"2025-03-14T12:00:55.805889Z"}]}
[debug] [2025-03-14T12:04:41.343Z] Found ruleset: projects/openbrain-8ff92/rulesets/5a765235-f893-46f4-9935-d4fe61befa33
[debug] [2025-03-14T12:04:41.344Z] Checked if tokens are valid: true, expires at: 1741956525358
[debug] [2025-03-14T12:04:41.344Z] Checked if tokens are valid: true, expires at: 1741956525358
[debug] [2025-03-14T12:04:41.345Z] >>> [apiv2][query] GET https://firebaserules.googleapis.com/v1/projects/openbrain-8ff92/rulesets/5a765235-f893-46f4-9935-d4fe61befa33 [none]
[debug] [2025-03-14T12:04:41.548Z] <<< [apiv2][status] GET https://firebaserules.googleapis.com/v1/projects/openbrain-8ff92/rulesets/5a765235-f893-46f4-9935-d4fe61befa33 200
[debug] [2025-03-14T12:04:41.549Z] <<< [apiv2][body] GET https://firebaserules.googleapis.com/v1/projects/openbrain-8ff92/rulesets/5a765235-f893-46f4-9935-d4fe61befa33 [omitted]
[info] 
[info] Firestore indexes allow you to perform complex queries while
[info] maintaining performance that scales with the size of the result
[info] set. You can keep index definitions in your project directory
[info] and publish them with firebase deploy.
[info] 
[debug] [2025-03-14T12:04:50.596Z] Checked if tokens are valid: true, expires at: 1741956525358
[debug] [2025-03-14T12:04:50.596Z] Checked if tokens are valid: true, expires at: 1741956525358
[debug] [2025-03-14T12:04:50.596Z] Checked if tokens are valid: true, expires at: 1741956525358
[debug] [2025-03-14T12:04:50.596Z] Checked if tokens are valid: true, expires at: 1741956525358
[debug] [2025-03-14T12:04:50.597Z] >>> [apiv2][query] GET https://firestore.googleapis.com/v1/projects/openbrain-8ff92/databases/(default)/collectionGroups/-/indexes [none]
[debug] [2025-03-14T12:04:50.599Z] >>> [apiv2][query] GET https://firestore.googleapis.com/v1/projects/openbrain-8ff92/databases/(default)/collectionGroups/-/fields?filter=indexConfig.usesAncestorConfig=false OR ttlConfig:* [none]
[debug] [2025-03-14T12:04:50.903Z] <<< [apiv2][status] GET https://firestore.googleapis.com/v1/projects/openbrain-8ff92/databases/(default)/collectionGroups/-/indexes 200
[debug] [2025-03-14T12:04:50.903Z] <<< [apiv2][body] GET https://firestore.googleapis.com/v1/projects/openbrain-8ff92/databases/(default)/collectionGroups/-/indexes {}
[debug] [2025-03-14T12:04:51.273Z] <<< [apiv2][status] GET https://firestore.googleapis.com/v1/projects/openbrain-8ff92/databases/(default)/collectionGroups/-/fields?filter=indexConfig.usesAncestorConfig=false OR ttlConfig:* 200
[debug] [2025-03-14T12:04:51.273Z] <<< [apiv2][body] GET https://firestore.googleapis.com/v1/projects/openbrain-8ff92/databases/(default)/collectionGroups/-/fields?filter=indexConfig.usesAncestorConfig=false OR ttlConfig:* {"fields":[{"name":"projects/openbrain-8ff92/databases/(default)/collectionGroups/__default__/fields/*","indexConfig":{"indexes":[{"queryScope":"COLLECTION","fields":[{"fieldPath":"*","order":"ASCENDING"}],"state":"READY"},{"queryScope":"COLLECTION","fields":[{"fieldPath":"*","order":"DESCENDING"}],"state":"READY"},{"queryScope":"COLLECTION","fields":[{"fieldPath":"*","arrayConfig":"CONTAINS"}],"state":"READY"}]}}]}
[info] 
=== Genkit Setup
[debug] [2025-03-14T12:05:37.248Z] > command requires scopes: ["email","openid","https://www.googleapis.com/auth/cloudplatformprojects.readonly","https://www.googleapis.com/auth/firebase","https://www.googleapis.com/auth/cloud-platform"]
[debug] [2025-03-14T12:05:37.248Z] > authorizing via signed-in user (leojbalmori@gmail.com)
[debug] [2025-03-14T12:05:37.248Z] [iam] checking project openbrain-8ff92 for permissions ["firebase.projects.get"]
[debug] [2025-03-14T12:05:37.248Z] Checked if tokens are valid: true, expires at: 1741956525358
[debug] [2025-03-14T12:05:37.248Z] Checked if tokens are valid: true, expires at: 1741956525358
[debug] [2025-03-14T12:05:37.248Z] >>> [apiv2][query] POST https://cloudresourcemanager.googleapis.com/v1/projects/openbrain-8ff92:testIamPermissions [none]
[debug] [2025-03-14T12:05:37.248Z] >>> [apiv2][(partial)header] POST https://cloudresourcemanager.googleapis.com/v1/projects/openbrain-8ff92:testIamPermissions x-goog-quota-user=projects/openbrain-8ff92
[debug] [2025-03-14T12:05:37.248Z] >>> [apiv2][body] POST https://cloudresourcemanager.googleapis.com/v1/projects/openbrain-8ff92:testIamPermissions {"permissions":["firebase.projects.get"]}
[debug] [2025-03-14T12:05:37.439Z] <<< [apiv2][status] POST https://cloudresourcemanager.googleapis.com/v1/projects/openbrain-8ff92:testIamPermissions 200
[debug] [2025-03-14T12:05:37.439Z] <<< [apiv2][body] POST https://cloudresourcemanager.googleapis.com/v1/projects/openbrain-8ff92:testIamPermissions {"permissions":["firebase.projects.get"]}
[debug] [2025-03-14T12:05:37.439Z] Checked if tokens are valid: true, expires at: 1741956525358
[debug] [2025-03-14T12:05:37.439Z] Checked if tokens are valid: true, expires at: 1741956525358
[debug] [2025-03-14T12:05:37.439Z] Checked if tokens are valid: true, expires at: 1741956525358
[debug] [2025-03-14T12:05:37.440Z] Checked if tokens are valid: true, expires at: 1741956525358
[debug] [2025-03-14T12:05:37.440Z] >>> [apiv2][query] GET https://serviceusage.googleapis.com/v1/projects/openbrain-8ff92/services/cloudfunctions.googleapis.com [none]
[debug] [2025-03-14T12:05:37.440Z] >>> [apiv2][(partial)header] GET https://serviceusage.googleapis.com/v1/projects/openbrain-8ff92/services/cloudfunctions.googleapis.com x-goog-quota-user=projects/openbrain-8ff92
[debug] [2025-03-14T12:05:37.442Z] >>> [apiv2][query] GET https://serviceusage.googleapis.com/v1/projects/openbrain-8ff92/services/runtimeconfig.googleapis.com [none]
[debug] [2025-03-14T12:05:37.442Z] >>> [apiv2][(partial)header] GET https://serviceusage.googleapis.com/v1/projects/openbrain-8ff92/services/runtimeconfig.googleapis.com x-goog-quota-user=projects/openbrain-8ff92
[debug] [2025-03-14T12:05:37.868Z] <<< [apiv2][status] GET https://serviceusage.googleapis.com/v1/projects/openbrain-8ff92/services/runtimeconfig.googleapis.com 200
[debug] [2025-03-14T12:05:37.868Z] <<< [apiv2][body] GET https://serviceusage.googleapis.com/v1/projects/openbrain-8ff92/services/runtimeconfig.googleapis.com [omitted]
[debug] [2025-03-14T12:05:37.870Z] <<< [apiv2][status] GET https://serviceusage.googleapis.com/v1/projects/openbrain-8ff92/services/cloudfunctions.googleapis.com 200
[debug] [2025-03-14T12:05:37.870Z] <<< [apiv2][body] GET https://serviceusage.googleapis.com/v1/projects/openbrain-8ff92/services/cloudfunctions.googleapis.com [omitted]
[info] Let's create a new codebase for your functions.
[info] A directory corresponding to the codebase will be created in your project
[info] with sample code pre-configured.

[info] See https://firebase.google.com/docs/functions/organize-functions for
[info] more information on organizing your functions using codebases.

[info] Functions can be deployed with firebase deploy.

[info] ✔  Wrote functions/package.json 
[info] ✔  Wrote functions/.eslintrc.js 
[info] ✔  Wrote functions/tsconfig.json 
[info] ✔  Wrote functions/tsconfig.dev.json 
[info] ✔  Wrote functions/src/index.ts 
[info] ✔  Wrote functions/.gitignore 
[info] 
[info] i  genkit: Installing Genkit CLI version 1.2.0
 
[error] ⬢  genkit: Genkit initialization failed: Error: spawn(npm, [install, -g, genkit-cli@1.2.0
]) 
 exited with code: 243 
[info] 
=== Functions Setup
[debug] [2025-03-14T12:06:15.953Z] > command requires scopes: ["email","openid","https://www.googleapis.com/auth/cloudplatformprojects.readonly","https://www.googleapis.com/auth/firebase","https://www.googleapis.com/auth/cloud-platform"]
[debug] [2025-03-14T12:06:15.953Z] > authorizing via signed-in user (leojbalmori@gmail.com)
[debug] [2025-03-14T12:06:15.953Z] [iam] checking project openbrain-8ff92 for permissions ["firebase.projects.get"]
[debug] [2025-03-14T12:06:15.953Z] Checked if tokens are valid: true, expires at: 1741956525358
[debug] [2025-03-14T12:06:15.953Z] Checked if tokens are valid: true, expires at: 1741956525358
[debug] [2025-03-14T12:06:15.953Z] >>> [apiv2][query] POST https://cloudresourcemanager.googleapis.com/v1/projects/openbrain-8ff92:testIamPermissions [none]
[debug] [2025-03-14T12:06:15.953Z] >>> [apiv2][(partial)header] POST https://cloudresourcemanager.googleapis.com/v1/projects/openbrain-8ff92:testIamPermissions x-goog-quota-user=projects/openbrain-8ff92
[debug] [2025-03-14T12:06:15.953Z] >>> [apiv2][body] POST https://cloudresourcemanager.googleapis.com/v1/projects/openbrain-8ff92:testIamPermissions {"permissions":["firebase.projects.get"]}
[debug] [2025-03-14T12:06:16.160Z] <<< [apiv2][status] POST https://cloudresourcemanager.googleapis.com/v1/projects/openbrain-8ff92:testIamPermissions 200
[debug] [2025-03-14T12:06:16.161Z] <<< [apiv2][body] POST https://cloudresourcemanager.googleapis.com/v1/projects/openbrain-8ff92:testIamPermissions {"permissions":["firebase.projects.get"]}
[debug] [2025-03-14T12:06:16.161Z] Checked if tokens are valid: true, expires at: 1741956525358
[debug] [2025-03-14T12:06:16.161Z] Checked if tokens are valid: true, expires at: 1741956525358
[debug] [2025-03-14T12:06:16.161Z] Checked if tokens are valid: true, expires at: 1741956525358
[debug] [2025-03-14T12:06:16.162Z] Checked if tokens are valid: true, expires at: 1741956525358
[debug] [2025-03-14T12:06:16.162Z] >>> [apiv2][query] GET https://serviceusage.googleapis.com/v1/projects/openbrain-8ff92/services/cloudfunctions.googleapis.com [none]
[debug] [2025-03-14T12:06:16.162Z] >>> [apiv2][(partial)header] GET https://serviceusage.googleapis.com/v1/projects/openbrain-8ff92/services/cloudfunctions.googleapis.com x-goog-quota-user=projects/openbrain-8ff92
[debug] [2025-03-14T12:06:16.165Z] >>> [apiv2][query] GET https://serviceusage.googleapis.com/v1/projects/openbrain-8ff92/services/runtimeconfig.googleapis.com [none]
[debug] [2025-03-14T12:06:16.165Z] >>> [apiv2][(partial)header] GET https://serviceusage.googleapis.com/v1/projects/openbrain-8ff92/services/runtimeconfig.googleapis.com x-goog-quota-user=projects/openbrain-8ff92
[debug] [2025-03-14T12:06:16.573Z] <<< [apiv2][status] GET https://serviceusage.googleapis.com/v1/projects/openbrain-8ff92/services/runtimeconfig.googleapis.com 200
[debug] [2025-03-14T12:06:16.573Z] <<< [apiv2][body] GET https://serviceusage.googleapis.com/v1/projects/openbrain-8ff92/services/runtimeconfig.googleapis.com [omitted]
[debug] [2025-03-14T12:06:16.574Z] <<< [apiv2][status] GET https://serviceusage.googleapis.com/v1/projects/openbrain-8ff92/services/cloudfunctions.googleapis.com 200
[debug] [2025-03-14T12:06:16.574Z] <<< [apiv2][body] GET https://serviceusage.googleapis.com/v1/projects/openbrain-8ff92/services/cloudfunctions.googleapis.com [omitted]
[info] 
Detected existing codebase(s): default

[info] Let's create a new codebase for your functions.
[info] A directory corresponding to the codebase will be created in your project
[info] with sample code pre-configured.

[info] See https://firebase.google.com/docs/functions/organize-functions for
[info] more information on organizing your functions using codebases.

[info] Functions can be deployed with firebase deploy.

[debug] [2025-03-14T21:49:25.211Z] Error: setRawMode EIO
    at ReadStream.setRawMode (node:tty:77:31)
    at [_setRawMode] [as _setRawMode] (node:internal/readline/interface:381:18)
    at Interface.close (node:internal/readline/interface:531:24)
    at ReadStream.ontermend (node:internal/readline/interface:267:10)
    at ReadStream.emit (node:events:529:35)
    at ReadStream.emit (node:domain:489:12)
    at endReadableNT (node:internal/streams/readable:1400:12)
    at process.processTicksAndRejections (node:internal/process/task_queues:82:21)
[error] 
[error] Error: An unexpected error has occurred.
[debug] [2025-03-14T21:49:25.276Z] Error: write EIO
    at afterWriteDispatched (node:internal/stream_base_commons:160:15)
    at writeGeneric (node:internal/stream_base_commons:151:3)
    at Socket._writeGeneric (node:net:963:11)
    at Socket._write (node:net:975:8)
    at writeOrBuffer (node:internal/streams/writable:392:12)
    at _write (node:internal/streams/writable:333:10)
    at Writable.write (node:internal/streams/writable:337:10)
    at Console.log (/home/spacepengu/.npm-global/lib/node_modules/firebase-tools/node_modules/winston/lib/winston/transports/console.js:87:23)
    at Console._write (/home/spacepengu/.npm-global/lib/node_modules/firebase-tools/node_modules/winston-transport/modern.js:103:17)
    at doWrite (/home/spacepengu/.npm-global/lib/node_modules/firebase-tools/node_modules/winston-transport/node_modules/readable-stream/lib/_stream_writable.js:390:139)
[error] 
[error] Error: An unexpected error has occurred.
[debug] [2025-03-14T21:49:25.280Z] Error: write EIO
    at afterWriteDispatched (node:internal/stream_base_commons:160:15)
    at writeGeneric (node:internal/stream_base_commons:151:3)
    at Socket._writeGeneric (node:net:963:11)
    at Socket._write (node:net:975:8)
    at writeOrBuffer (node:internal/streams/writable:392:12)
    at _write (node:internal/streams/writable:333:10)
    at Writable.write (node:internal/streams/writable:337:10)
    at Console.log (/home/spacepengu/.npm-global/lib/node_modules/firebase-tools/node_modules/winston/lib/winston/transports/console.js:87:23)
    at Console._write (/home/spacepengu/.npm-global/lib/node_modules/firebase-tools/node_modules/winston-transport/modern.js:103:17)
    at doWrite (/home/spacepengu/.npm-global/lib/node_modules/firebase-tools/node_modules/winston-transport/node_modules/readable-stream/lib/_stream_writable.js:390:139)
[error] 
[error] Error: An unexpected error has occurred.
[debug] [2025-03-14T21:49:25.281Z] Error: write EIO
    at afterWriteDispatched (node:internal/stream_base_commons:160:15)
    at writeGeneric (node:internal/stream_base_commons:151:3)
    at Socket._writeGeneric (node:net:963:11)
    at Socket._write (node:net:975:8)
    at writeOrBuffer (node:internal/streams/writable:392:12)
    at _write (node:internal/streams/writable:333:10)
    at Writable.write (node:internal/streams/writable:337:10)
    at Console.log (/home/spacepengu/.npm-global/lib/node_modules/firebase-tools/node_modules/winston/lib/winston/transports/console.js:87:23)
    at Console._write (/home/spacepengu/.npm-global/lib/node_modules/firebase-tools/node_modules/winston-transport/modern.js:103:17)
    at doWrite (/home/spacepengu/.npm-global/lib/node_modules/firebase-tools/node_modules/winston-transport/node_modules/readable-stream/lib/_stream_writable.js:390:139)
[error] 
[error] Error: An unexpected error has occurred.
[debug] [2025-03-14T21:49:25.283Z] Error: write EIO
    at afterWriteDispatched (node:internal/stream_base_commons:160:15)
    at writeGeneric (node:internal/stream_base_commons:151:3)
    at Socket._writeGeneric (node:net:963:11)
    at Socket._write (node:net:975:8)
    at writeOrBuffer (node:internal/streams/writable:392:12)
    at _write (node:internal/streams/writable:333:10)
    at Writable.write (node:internal/streams/writable:337:10)
    at Console.log (/home/spacepengu/.npm-global/lib/node_modules/firebase-tools/node_modules/winston/lib/winston/transports/console.js:87:23)
    at Console._write (/home/spacepengu/.npm-global/lib/node_modules/firebase-tools/node_modules/winston-transport/modern.js:103:17)
    at doWrite (/home/spacepengu/.npm-global/lib/node_modules/firebase-tools/node_modules/winston-transport/node_modules/readable-stream/lib/_stream_writable.js:390:139)
[error] 
[error] Error: An unexpected error has occurred.
[debug] [2025-03-14T21:49:25.285Z] Error: write EIO
    at afterWriteDispatched (node:internal/stream_base_commons:160:15)
    at writeGeneric (node:internal/stream_base_commons:151:3)
    at Socket._writeGeneric (node:net:963:11)
    at Socket._write (node:net:975:8)
    at writeOrBuffer (node:internal/streams/writable:392:12)
    at _write (node:internal/streams/writable:333:10)
    at Writable.write (node:internal/streams/writable:337:10)
    at Console.log (/home/spacepengu/.npm-global/lib/node_modules/firebase-tools/node_modules/winston/lib/winston/transports/console.js:87:23)
    at Console._write (/home/spacepengu/.npm-global/lib/node_modules/firebase-tools/node_modules/winston-transport/modern.js:103:17)
    at doWrite (/home/spacepengu/.npm-global/lib/node_modules/firebase-tools/node_modules/winston-transport/node_modules/readable-stream/lib/_stream_writable.js:390:139)
[error] 
[error] Error: An unexpected error has occurred.
[debug] [2025-03-14T21:49:25.287Z] Error: write EIO
    at afterWriteDispatched (node:internal/stream_base_commons:160:15)
    at writeGeneric (node:internal/stream_base_commons:151:3)
    at Socket._writeGeneric (node:net:963:11)
    at Socket._write (node:net:975:8)
    at writeOrBuffer (node:internal/streams/writable:392:12)
    at _write (node:internal/streams/writable:333:10)
    at Writable.write (node:internal/streams/writable:337:10)
    at Console.log (/home/spacepengu/.npm-global/lib/node_modules/firebase-tools/node_modules/winston/lib/winston/transports/console.js:87:23)
    at Console._write (/home/spacepengu/.npm-global/lib/node_modules/firebase-tools/node_modules/winston-transport/modern.js:103:17)
    at doWrite (/home/spacepengu/.npm-global/lib/node_modules/firebase-tools/node_modules/winston-transport/node_modules/readable-stream/lib/_stream_writable.js:390:139)
[error] 
[error] Error: An unexpected error has occurred.
[debug] [2025-03-14T21:49:25.288Z] Error: write EIO
    at afterWriteDispatched (node:internal/stream_base_commons:160:15)
    at writeGeneric (node:internal/stream_base_commons:151:3)
    at Socket._writeGeneric (node:net:963:11)
    at Socket._write (node:net:975:8)
    at writeOrBuffer (node:internal/streams/writable:392:12)
    at _write (node:internal/streams/writable:333:10)
    at Writable.write (node:internal/streams/writable:337:10)
    at Console.log (/home/spacepengu/.npm-global/lib/node_modules/firebase-tools/node_modules/winston/lib/winston/transports/console.js:87:23)
    at Console._write (/home/spacepengu/.npm-global/lib/node_modules/firebase-tools/node_modules/winston-transport/modern.js:103:17)
    at doWrite (/home/spacepengu/.npm-global/lib/node_modules/firebase-tools/node_modules/winston-transport/node_modules/readable-stream/lib/_stream_writable.js:390:139)
[error] 
[error] Error: An unexpected error has occurred.
